<?xml version="1.0" encoding="UTF-8"?>
<!-- Generated by org.testng.reporters.JUnitXMLReporter -->
<testsuite ignored="0" hostname="DESKTOP-HT3PLU5" failures="0" tests="12" name="Test4" time="193.657" errors="0" timestamp="2023-06-09T14:29:38 IST">
  <testcase classname="Testcases.TC4_OrangeHome_CheckLeftPane" name="Timecheck" time="2.915"/>
  <testcase classname="Testcases.TC4_OrangeHome_CheckLeftPane" name="Admincheck" time="1.881"/>
  <testcase classname="Testcases.TC4_OrangeHome_CheckLeftPane" name="Dashboardcheck" time="2.389"/>
  <testcase classname="Testcases.TC4_OrangeHome_CheckLeftPane" name="Directorycheck" time="2.578"/>
  <testcase classname="Testcases.TC4_OrangeHome_CheckLeftPane" name="Leavecheck" time="2.869"/>
  <testcase classname="Testcases.TC4_OrangeHome_CheckLeftPane" name="MyInfocheck" time="2.049"/>
  <testcase classname="Testcases.TC4_OrangeHome_CheckLeftPane" name="PIMcheck" time="3.016"/>
  <testcase classname="Testcases.TC4_OrangeHome_CheckLeftPane" name="Performancecheck" time="1.767"/>
  <testcase classname="Testcases.TC4_OrangeHome_CheckLeftPane" name="Recruitmentcheck" time="3.217"/>
  <testcase classname="Testcases.TC4_OrangeHome_CheckLeftPane" name="Searchcheck" time="1.835"/>
  <testcase classname="Testcases.TC4_OrangeHome_CheckLeftPane" name="Questioncheck" time="1.844"/>
  <testcase classname="Testcases.TC4_OrangeHome_CheckLeftPane" name="Maintenancecheck" time="3.109"/>
</testsuite> <!-- Test4 -->
