<?xml version="1.0" encoding="UTF-8"?>
<!-- Generated by org.testng.reporters.JUnitXMLReporter -->
<testsuite ignored="0" hostname="DESKTOP-HT3PLU5" failures="0" tests="16" name="Test 5" time="28.492" errors="0" timestamp="2023-06-07T15:47:17 IST">
  <testcase classname="Testcases.TC6_Check_Leavepage_options" name="AssignLeaveCheck" time="1.422"/>
  <testcase classname="Testcases.TC6_Check_Leavepage_options" name="CheckApplyTabCheck" time="1.201"/>
  <testcase classname="Testcases.TC6_Check_Leavepage_options" name="ConfigureCheck" time="0.62"/>
  <testcase classname="Testcases.TC6_Check_Leavepage_options" name="EntitlementsTabCheck" time="0.084"/>
  <testcase classname="Testcases.TC6_Check_Leavepage_options" name="LeaveListCheck" time="0.662"/>
  <testcase classname="Testcases.TC6_Check_Leavepage_options" name="MyLeaveTabCheck" time="1.364"/>
  <testcase classname="Testcases.TC6_Check_Leavepage_options" name="ReportTabCheck" time="0.693"/>
  <testcase classname="Testcases.TC6_Check_Leavepage_options" name="ConfigureHolidaysCheck" time="0.871"/>
  <testcase classname="Testcases.TC6_Check_Leavepage_options" name="ConfigureLeavePeriodCheck" time="1.236"/>
  <testcase classname="Testcases.TC6_Check_Leavepage_options" name="ConfigureLeaveTypesCheck" time="1.779"/>
  <testcase classname="Testcases.TC6_Check_Leavepage_options" name="ConfigureWorkWeekCheck" time="1.8"/>
  <testcase classname="Testcases.TC6_Check_Leavepage_options" name="AddEntitlementsTabCheck" time="1.835"/>
  <testcase classname="Testcases.TC6_Check_Leavepage_options" name="EmployementEntitlementsTabCheck" time="1.752"/>
  <testcase classname="Testcases.TC6_Check_Leavepage_options" name="MyEntitlementsTabCheck" time="1.206"/>
  <testcase classname="Testcases.TC6_Check_Leavepage_options" name="LeaveEntitlementsUsageReportCheck" time="1.245"/>
  <testcase classname="Testcases.TC6_Check_Leavepage_options" name="MyLeaveEntitlementsUsageReportCheck" time="1.753"/>
</testsuite> <!-- Test 5 -->
