<?xml version="1.0" encoding="UTF-8"?>
<!-- Generated by org.testng.reporters.JUnitXMLReporter -->
<testsuite ignored="0" hostname="DESKTOP-HT3PLU5" failures="0" tests="5" name="Test3" time="17.193" errors="0" timestamp="2023-06-09T14:26:24 IST">
  <testcase classname="Testcases.TC3_Check_Login_Multipleuser" name="Login_multipleuser" time="0.434"/>
  <testcase classname="Testcases.TC3_Check_Login_Multipleuser" name="Login_multipleuser" time="1.792"/>
  <testcase classname="Testcases.TC3_Check_Login_Multipleuser" name="Login_multipleuser" time="1.713"/>
  <testcase classname="Testcases.TC3_Check_Login_Multipleuser" name="Login_multipleuser" time="1.717"/>
  <testcase classname="Testcases.TC3_Check_Login_Multipleuser" name="Login_multipleuser" time="1.724"/>
</testsuite> <!-- Test3 -->
