<?xml version="1.0" encoding="UTF-8"?>
<!-- Generated by org.testng.reporters.JUnitXMLReporter -->
<testsuite ignored="0" hostname="DESKTOP-HT3PLU5" failures="0" tests="16" name="Test6" time="32.286" errors="0" timestamp="2023-06-09T14:30:22 IST">
  <testcase classname="Testcases.TC6_Check_Leavepage_options" name="AssignLeaveCheck" time="1.532"/>
  <testcase classname="Testcases.TC6_Check_Leavepage_options" name="CheckApplyTabCheck" time="4.919"/>
  <testcase classname="Testcases.TC6_Check_Leavepage_options" name="ConfigureCheck" time="0.606"/>
  <testcase classname="Testcases.TC6_Check_Leavepage_options" name="EntitlementsTabCheck" time="0.098"/>
  <testcase classname="Testcases.TC6_Check_Leavepage_options" name="LeaveListCheck" time="0.561"/>
  <testcase classname="Testcases.TC6_Check_Leavepage_options" name="MyLeaveTabCheck" time="1.112"/>
  <testcase classname="Testcases.TC6_Check_Leavepage_options" name="ReportTabCheck" time="0.611"/>
  <testcase classname="Testcases.TC6_Check_Leavepage_options" name="ConfigureHolidaysCheck" time="0.938"/>
  <testcase classname="Testcases.TC6_Check_Leavepage_options" name="ConfigureLeavePeriodCheck" time="1.72"/>
  <testcase classname="Testcases.TC6_Check_Leavepage_options" name="ConfigureLeaveTypesCheck" time="1.227"/>
  <testcase classname="Testcases.TC6_Check_Leavepage_options" name="ConfigureWorkWeekCheck" time="1.817"/>
  <testcase classname="Testcases.TC6_Check_Leavepage_options" name="AddEntitlementsTabCheck" time="1.61"/>
  <testcase classname="Testcases.TC6_Check_Leavepage_options" name="EmployementEntitlementsTabCheck" time="1.237"/>
  <testcase classname="Testcases.TC6_Check_Leavepage_options" name="MyEntitlementsTabCheck" time="1.754"/>
  <testcase classname="Testcases.TC6_Check_Leavepage_options" name="LeaveEntitlementsUsageReportCheck" time="1.738"/>
  <testcase classname="Testcases.TC6_Check_Leavepage_options" name="MyLeaveEntitlementsUsageReportCheck" time="1.236"/>
</testsuite> <!-- Test6 -->
