<?xml version="1.0" encoding="UTF-8"?>
<!-- Generated by org.testng.reporters.JUnitXMLReporter -->
<testsuite ignored="0" hostname="DESKTOP-HT3PLU5" failures="0" tests="12" name="TestSet1" time="105.604" errors="0" timestamp="2023-05-16T15:25:55 IST">
  <testcase classname="Testcases.TC4_OrangeHome_CheckLeftPane" name="Admincheck" time="1.896"/>
  <testcase classname="Testcases.TC4_OrangeHome_CheckLeftPane" name="Dashboardcheck" time="1.178"/>
  <testcase classname="Testcases.TC4_OrangeHome_CheckLeftPane" name="Directorycheck" time="2.527"/>
  <testcase classname="Testcases.TC4_OrangeHome_CheckLeftPane" name="Leavecheck" time="3.125"/>
  <testcase classname="Testcases.TC4_OrangeHome_CheckLeftPane" name="Maintenancecheck" time="3.0"/>
  <testcase classname="Testcases.TC4_OrangeHome_CheckLeftPane" name="MyInfocheck" time="1.975"/>
  <testcase classname="Testcases.TC4_OrangeHome_CheckLeftPane" name="PIMcheck" time="3.14"/>
  <testcase classname="Testcases.TC4_OrangeHome_CheckLeftPane" name="Performancecheck" time="2.863"/>
  <testcase classname="Testcases.TC4_OrangeHome_CheckLeftPane" name="Questioncheck" time="1.876"/>
  <testcase classname="Testcases.TC4_OrangeHome_CheckLeftPane" name="Recruitmentcheck" time="3.103"/>
  <testcase classname="Testcases.TC4_OrangeHome_CheckLeftPane" name="Searchcheck" time="0.677"/>
  <testcase classname="Testcases.TC4_OrangeHome_CheckLeftPane" name="Timecheck" time="3.209"/>
</testsuite> <!-- TestSet1 -->
