<?xml version="1.0" encoding="UTF-8"?>
<!-- Generated by org.testng.reporters.JUnitXMLReporter -->
<testsuite ignored="0" hostname="DESKTOP-HT3PLU5" failures="0" tests="5" name="Test 4" time="15.884" errors="0" timestamp="2023-06-07T17:09:09 IST">
  <testcase classname="Testcases.TC3_Check_Login_Multipleuser" name="Login_multipleuser" time="0.496"/>
  <testcase classname="Testcases.TC3_Check_Login_Multipleuser" name="Login_multipleuser" time="1.748"/>
  <testcase classname="Testcases.TC3_Check_Login_Multipleuser" name="Login_multipleuser" time="1.662"/>
  <testcase classname="Testcases.TC3_Check_Login_Multipleuser" name="Login_multipleuser" time="1.979"/>
  <testcase classname="Testcases.TC3_Check_Login_Multipleuser" name="Login_multipleuser" time="1.716"/>
</testsuite> <!-- Test 4 -->
