<?xml version="1.0" encoding="UTF-8"?>
<testng-results ignored="0" total="36" passed="36" failed="0" skipped="0">
  <reporter-output>
  </reporter-output>
  <suite started-at="2023-06-09T14:25:49 IST" name="Suite" finished-at="2023-06-09T14:30:22 IST" duration-ms="272940">
    <groups>
    </groups>
    <test started-at="2023-06-09T14:25:49 IST" name="Test1" finished-at="2023-06-09T14:26:00 IST" duration-ms="10895">
      <class name="Testcases.TC1_Check_Valid_Login">
        <test-method is-config="true" signature="beforeTest()[pri:0, instance:Testcases.TC1_Check_Valid_Login@67d48005]" started-at="2023-06-09T14:25:49 IST" name="beforeTest" finished-at="2023-06-09T14:25:58 IST" duration-ms="9224" status="PASS">
          <reporter-output>
          </reporter-output>
        </test-method> <!-- beforeTest -->
        <test-method signature="Valid_Login()[pri:0, instance:Testcases.TC1_Check_Valid_Login@67d48005]" started-at="2023-06-09T14:25:58 IST" name="Valid_Login" finished-at="2023-06-09T14:26:00 IST" duration-ms="1265" status="PASS">
          <reporter-output>
          </reporter-output>
        </test-method> <!-- Valid_Login -->
        <test-method is-config="true" signature="afterTest()[pri:0, instance:Testcases.TC1_Check_Valid_Login@67d48005]" started-at="2023-06-09T14:26:00 IST" name="afterTest" finished-at="2023-06-09T14:26:00 IST" duration-ms="342" status="PASS">
          <reporter-output>
          </reporter-output>
        </test-method> <!-- afterTest -->
      </class> <!-- Testcases.TC1_Check_Valid_Login -->
    </test> <!-- Test1 -->
    <test started-at="2023-06-09T14:26:00 IST" name="Test2" finished-at="2023-06-09T14:26:07 IST" duration-ms="6884">
      <class name="Testcases.TC2_Check_ForgotPassword">
        <test-method is-config="true" signature="beforeSuite()[pri:0, instance:Testcases.TC2_Check_ForgotPassword@351d00c0]" started-at="2023-06-09T14:26:00 IST" name="beforeSuite" finished-at="2023-06-09T14:26:06 IST" duration-ms="5381" status="PASS">
          <reporter-output>
          </reporter-output>
        </test-method> <!-- beforeSuite -->
        <test-method signature="forgotpassworddisplay()[pri:0, instance:Testcases.TC2_Check_ForgotPassword@351d00c0]" started-at="2023-06-09T14:26:06 IST" name="forgotpassworddisplay" finished-at="2023-06-09T14:26:07 IST" duration-ms="1188" status="PASS">
          <reporter-output>
          </reporter-output>
        </test-method> <!-- forgotpassworddisplay -->
        <test-method is-config="true" signature="afterSuite()[pri:0, instance:Testcases.TC2_Check_ForgotPassword@351d00c0]" started-at="2023-06-09T14:26:07 IST" name="afterSuite" finished-at="2023-06-09T14:26:07 IST" duration-ms="312" status="PASS">
          <reporter-output>
          </reporter-output>
        </test-method> <!-- afterSuite -->
      </class> <!-- Testcases.TC2_Check_ForgotPassword -->
    </test> <!-- Test2 -->
    <test started-at="2023-06-09T14:26:07 IST" name="Test3" finished-at="2023-06-09T14:26:24 IST" duration-ms="17193">
      <class name="Testcases.TC3_Check_Login_Multipleuser">
        <test-method is-config="true" signature="beforeTest()[pri:0, instance:Testcases.TC3_Check_Login_Multipleuser@368f2016]" started-at="2023-06-09T14:26:07 IST" name="beforeTest" finished-at="2023-06-09T14:26:13 IST" duration-ms="5487" status="PASS">
          <reporter-output>
          </reporter-output>
        </test-method> <!-- beforeTest -->
        <test-method signature="Login_multipleuser(java.lang.String,java.lang.String)[pri:0, instance:Testcases.TC3_Check_Login_Multipleuser@368f2016]" started-at="2023-06-09T14:26:14 IST" name="Login_multipleuser" data-provider="excel" finished-at="2023-06-09T14:26:14 IST" duration-ms="434" status="PASS">
          <params>
            <param index="0">
              <value>
                <![CDATA[Test1]]>
              </value>
            </param>
            <param index="1">
              <value>
                <![CDATA[1Test123]]>
              </value>
            </param>
          </params>
          <reporter-output>
          </reporter-output>
        </test-method> <!-- Login_multipleuser -->
        <test-method signature="Login_multipleuser(java.lang.String,java.lang.String)[pri:0, instance:Testcases.TC3_Check_Login_Multipleuser@368f2016]" started-at="2023-06-09T14:26:14 IST" name="Login_multipleuser" data-provider="excel" finished-at="2023-06-09T14:26:16 IST" duration-ms="1792" status="PASS">
          <params>
            <param index="0">
              <value>
                <![CDATA[User2]]>
              </value>
            </param>
            <param index="1">
              <value>
                <![CDATA[2Pass123]]>
              </value>
            </param>
          </params>
          <reporter-output>
          </reporter-output>
        </test-method> <!-- Login_multipleuser -->
        <test-method signature="Login_multipleuser(java.lang.String,java.lang.String)[pri:0, instance:Testcases.TC3_Check_Login_Multipleuser@368f2016]" started-at="2023-06-09T14:26:16 IST" name="Login_multipleuser" data-provider="excel" finished-at="2023-06-09T14:26:18 IST" duration-ms="1713" status="PASS">
          <params>
            <param index="0">
              <value>
                <![CDATA[Abcde3]]>
              </value>
            </param>
            <param index="1">
              <value>
                <![CDATA[3seses123]]>
              </value>
            </param>
          </params>
          <reporter-output>
          </reporter-output>
        </test-method> <!-- Login_multipleuser -->
        <test-method signature="Login_multipleuser(java.lang.String,java.lang.String)[pri:0, instance:Testcases.TC3_Check_Login_Multipleuser@368f2016]" started-at="2023-06-09T14:26:18 IST" name="Login_multipleuser" data-provider="excel" finished-at="2023-06-09T14:26:19 IST" duration-ms="1717" status="PASS">
          <params>
            <param index="0">
              <value>
                <![CDATA[Files4]]>
              </value>
            </param>
            <param index="1">
              <value>
                <![CDATA[4Fititi123]]>
              </value>
            </param>
          </params>
          <reporter-output>
          </reporter-output>
        </test-method> <!-- Login_multipleuser -->
        <test-method signature="Login_multipleuser(java.lang.String,java.lang.String)[pri:0, instance:Testcases.TC3_Check_Login_Multipleuser@368f2016]" started-at="2023-06-09T14:26:19 IST" name="Login_multipleuser" data-provider="excel" finished-at="2023-06-09T14:26:21 IST" duration-ms="1724" status="PASS">
          <params>
            <param index="0">
              <value>
                <![CDATA[Amn5]]>
              </value>
            </param>
            <param index="1">
              <value>
                <![CDATA[5adm12345]]>
              </value>
            </param>
          </params>
          <reporter-output>
          </reporter-output>
        </test-method> <!-- Login_multipleuser -->
        <test-method is-config="true" signature="afterSuite()[pri:0, instance:Testcases.TC3_Check_Login_Multipleuser@368f2016]" started-at="2023-06-09T14:26:21 IST" name="afterSuite" finished-at="2023-06-09T14:26:24 IST" duration-ms="3260" status="PASS">
          <reporter-output>
          </reporter-output>
        </test-method> <!-- afterSuite -->
      </class> <!-- Testcases.TC3_Check_Login_Multipleuser -->
    </test> <!-- Test3 -->
    <test started-at="2023-06-09T14:26:25 IST" name="Test4" finished-at="2023-06-09T14:29:38 IST" duration-ms="193657">
      <class name="Testcases.TC4_OrangeHome_CheckLeftPane">
        <test-method is-config="true" signature="beforeMethod()[pri:0, instance:Testcases.TC4_OrangeHome_CheckLeftPane@1bb5a082]" started-at="2023-06-09T14:26:25 IST" name="beforeMethod" finished-at="2023-06-09T14:26:31 IST" duration-ms="6246" status="PASS">
          <reporter-output>
          </reporter-output>
        </test-method> <!-- beforeMethod -->
        <test-method signature="Timecheck()[pri:-1, instance:Testcases.TC4_OrangeHome_CheckLeftPane@1bb5a082]" started-at="2023-06-09T14:26:31 IST" name="Timecheck" finished-at="2023-06-09T14:26:34 IST" duration-ms="2915" status="PASS">
          <reporter-output>
          </reporter-output>
        </test-method> <!-- Timecheck -->
        <test-method is-config="true" signature="afterMethod()[pri:0, instance:Testcases.TC4_OrangeHome_CheckLeftPane@1bb5a082]" started-at="2023-06-09T14:26:34 IST" name="afterMethod" finished-at="2023-06-09T14:26:41 IST" duration-ms="7590" status="PASS">
          <reporter-output>
          </reporter-output>
        </test-method> <!-- afterMethod -->
        <test-method is-config="true" signature="beforeMethod()[pri:0, instance:Testcases.TC4_OrangeHome_CheckLeftPane@1bb5a082]" started-at="2023-06-09T14:26:41 IST" name="beforeMethod" finished-at="2023-06-09T14:26:49 IST" duration-ms="7720" status="PASS">
          <reporter-output>
          </reporter-output>
        </test-method> <!-- beforeMethod -->
        <test-method signature="Admincheck()[pri:0, instance:Testcases.TC4_OrangeHome_CheckLeftPane@1bb5a082]" started-at="2023-06-09T14:26:49 IST" name="Admincheck" finished-at="2023-06-09T14:26:51 IST" duration-ms="1881" status="PASS">
          <reporter-output>
          </reporter-output>
        </test-method> <!-- Admincheck -->
        <test-method is-config="true" signature="afterMethod()[pri:0, instance:Testcases.TC4_OrangeHome_CheckLeftPane@1bb5a082]" started-at="2023-06-09T14:26:51 IST" name="afterMethod" finished-at="2023-06-09T14:26:58 IST" duration-ms="7199" status="PASS">
          <reporter-output>
          </reporter-output>
        </test-method> <!-- afterMethod -->
        <test-method is-config="true" signature="beforeMethod()[pri:0, instance:Testcases.TC4_OrangeHome_CheckLeftPane@1bb5a082]" started-at="2023-06-09T14:26:58 IST" name="beforeMethod" finished-at="2023-06-09T14:27:05 IST" duration-ms="6432" status="PASS">
          <reporter-output>
          </reporter-output>
        </test-method> <!-- beforeMethod -->
        <test-method signature="Dashboardcheck()[pri:0, instance:Testcases.TC4_OrangeHome_CheckLeftPane@1bb5a082]" started-at="2023-06-09T14:27:05 IST" name="Dashboardcheck" finished-at="2023-06-09T14:27:07 IST" duration-ms="2389" status="PASS">
          <reporter-output>
          </reporter-output>
        </test-method> <!-- Dashboardcheck -->
        <test-method is-config="true" signature="afterMethod()[pri:0, instance:Testcases.TC4_OrangeHome_CheckLeftPane@1bb5a082]" started-at="2023-06-09T14:27:07 IST" name="afterMethod" finished-at="2023-06-09T14:27:13 IST" duration-ms="6271" status="PASS">
          <reporter-output>
          </reporter-output>
        </test-method> <!-- afterMethod -->
        <test-method is-config="true" signature="beforeMethod()[pri:0, instance:Testcases.TC4_OrangeHome_CheckLeftPane@1bb5a082]" started-at="2023-06-09T14:27:13 IST" name="beforeMethod" finished-at="2023-06-09T14:27:20 IST" duration-ms="6572" status="PASS">
          <reporter-output>
          </reporter-output>
        </test-method> <!-- beforeMethod -->
        <test-method signature="Directorycheck()[pri:0, instance:Testcases.TC4_OrangeHome_CheckLeftPane@1bb5a082]" started-at="2023-06-09T14:27:20 IST" name="Directorycheck" finished-at="2023-06-09T14:27:22 IST" duration-ms="2578" status="PASS">
          <reporter-output>
          </reporter-output>
        </test-method> <!-- Directorycheck -->
        <test-method is-config="true" signature="afterMethod()[pri:0, instance:Testcases.TC4_OrangeHome_CheckLeftPane@1bb5a082]" started-at="2023-06-09T14:27:22 IST" name="afterMethod" finished-at="2023-06-09T14:27:29 IST" duration-ms="7175" status="PASS">
          <reporter-output>
          </reporter-output>
        </test-method> <!-- afterMethod -->
        <test-method is-config="true" signature="beforeMethod()[pri:0, instance:Testcases.TC4_OrangeHome_CheckLeftPane@1bb5a082]" started-at="2023-06-09T14:27:29 IST" name="beforeMethod" finished-at="2023-06-09T14:27:36 IST" duration-ms="6724" status="PASS">
          <reporter-output>
          </reporter-output>
        </test-method> <!-- beforeMethod -->
        <test-method signature="Leavecheck()[pri:0, instance:Testcases.TC4_OrangeHome_CheckLeftPane@1bb5a082]" started-at="2023-06-09T14:27:36 IST" name="Leavecheck" finished-at="2023-06-09T14:27:39 IST" duration-ms="2869" status="PASS">
          <reporter-output>
          </reporter-output>
        </test-method> <!-- Leavecheck -->
        <test-method is-config="true" signature="afterMethod()[pri:0, instance:Testcases.TC4_OrangeHome_CheckLeftPane@1bb5a082]" started-at="2023-06-09T14:27:39 IST" name="afterMethod" finished-at="2023-06-09T14:27:46 IST" duration-ms="7336" status="PASS">
          <reporter-output>
          </reporter-output>
        </test-method> <!-- afterMethod -->
        <test-method is-config="true" signature="beforeMethod()[pri:0, instance:Testcases.TC4_OrangeHome_CheckLeftPane@1bb5a082]" started-at="2023-06-09T14:27:46 IST" name="beforeMethod" finished-at="2023-06-09T14:27:54 IST" duration-ms="7260" status="PASS">
          <reporter-output>
          </reporter-output>
        </test-method> <!-- beforeMethod -->
        <test-method signature="MyInfocheck()[pri:0, instance:Testcases.TC4_OrangeHome_CheckLeftPane@1bb5a082]" started-at="2023-06-09T14:27:54 IST" name="MyInfocheck" finished-at="2023-06-09T14:27:56 IST" duration-ms="2049" status="PASS">
          <reporter-output>
          </reporter-output>
        </test-method> <!-- MyInfocheck -->
        <test-method is-config="true" signature="afterMethod()[pri:0, instance:Testcases.TC4_OrangeHome_CheckLeftPane@1bb5a082]" started-at="2023-06-09T14:27:56 IST" name="afterMethod" finished-at="2023-06-09T14:28:03 IST" duration-ms="7239" status="PASS">
          <reporter-output>
          </reporter-output>
        </test-method> <!-- afterMethod -->
        <test-method is-config="true" signature="beforeMethod()[pri:0, instance:Testcases.TC4_OrangeHome_CheckLeftPane@1bb5a082]" started-at="2023-06-09T14:28:03 IST" name="beforeMethod" finished-at="2023-06-09T14:28:09 IST" duration-ms="5754" status="PASS">
          <reporter-output>
          </reporter-output>
        </test-method> <!-- beforeMethod -->
        <test-method signature="PIMcheck()[pri:0, instance:Testcases.TC4_OrangeHome_CheckLeftPane@1bb5a082]" started-at="2023-06-09T14:28:09 IST" name="PIMcheck" finished-at="2023-06-09T14:28:12 IST" duration-ms="3016" status="PASS">
          <reporter-output>
          </reporter-output>
        </test-method> <!-- PIMcheck -->
        <test-method is-config="true" signature="afterMethod()[pri:0, instance:Testcases.TC4_OrangeHome_CheckLeftPane@1bb5a082]" started-at="2023-06-09T14:28:12 IST" name="afterMethod" finished-at="2023-06-09T14:28:19 IST" duration-ms="7229" status="PASS">
          <reporter-output>
          </reporter-output>
        </test-method> <!-- afterMethod -->
        <test-method is-config="true" signature="beforeMethod()[pri:0, instance:Testcases.TC4_OrangeHome_CheckLeftPane@1bb5a082]" started-at="2023-06-09T14:28:19 IST" name="beforeMethod" finished-at="2023-06-09T14:28:26 IST" duration-ms="7271" status="PASS">
          <reporter-output>
          </reporter-output>
        </test-method> <!-- beforeMethod -->
        <test-method signature="Performancecheck()[pri:0, instance:Testcases.TC4_OrangeHome_CheckLeftPane@1bb5a082]" started-at="2023-06-09T14:28:26 IST" name="Performancecheck" finished-at="2023-06-09T14:28:28 IST" duration-ms="1767" status="PASS">
          <reporter-output>
          </reporter-output>
        </test-method> <!-- Performancecheck -->
        <test-method is-config="true" signature="afterMethod()[pri:0, instance:Testcases.TC4_OrangeHome_CheckLeftPane@1bb5a082]" started-at="2023-06-09T14:28:28 IST" name="afterMethod" finished-at="2023-06-09T14:28:35 IST" duration-ms="7235" status="PASS">
          <reporter-output>
          </reporter-output>
        </test-method> <!-- afterMethod -->
        <test-method is-config="true" signature="beforeMethod()[pri:0, instance:Testcases.TC4_OrangeHome_CheckLeftPane@1bb5a082]" started-at="2023-06-09T14:28:35 IST" name="beforeMethod" finished-at="2023-06-09T14:28:41 IST" duration-ms="6145" status="PASS">
          <reporter-output>
          </reporter-output>
        </test-method> <!-- beforeMethod -->
        <test-method signature="Recruitmentcheck()[pri:0, instance:Testcases.TC4_OrangeHome_CheckLeftPane@1bb5a082]" started-at="2023-06-09T14:28:41 IST" name="Recruitmentcheck" finished-at="2023-06-09T14:28:45 IST" duration-ms="3217" status="PASS">
          <reporter-output>
          </reporter-output>
        </test-method> <!-- Recruitmentcheck -->
        <test-method is-config="true" signature="afterMethod()[pri:0, instance:Testcases.TC4_OrangeHome_CheckLeftPane@1bb5a082]" started-at="2023-06-09T14:28:45 IST" name="afterMethod" finished-at="2023-06-09T14:28:52 IST" duration-ms="6956" status="PASS">
          <reporter-output>
          </reporter-output>
        </test-method> <!-- afterMethod -->
        <test-method is-config="true" signature="beforeMethod()[pri:0, instance:Testcases.TC4_OrangeHome_CheckLeftPane@1bb5a082]" started-at="2023-06-09T14:28:52 IST" name="beforeMethod" finished-at="2023-06-09T14:28:58 IST" duration-ms="6365" status="PASS">
          <reporter-output>
          </reporter-output>
        </test-method> <!-- beforeMethod -->
        <test-method signature="Searchcheck()[pri:0, instance:Testcases.TC4_OrangeHome_CheckLeftPane@1bb5a082]" started-at="2023-06-09T14:28:58 IST" name="Searchcheck" finished-at="2023-06-09T14:29:00 IST" duration-ms="1835" status="PASS">
          <reporter-output>
          </reporter-output>
        </test-method> <!-- Searchcheck -->
        <test-method is-config="true" signature="afterMethod()[pri:0, instance:Testcases.TC4_OrangeHome_CheckLeftPane@1bb5a082]" started-at="2023-06-09T14:29:00 IST" name="afterMethod" finished-at="2023-06-09T14:29:07 IST" duration-ms="7269" status="PASS">
          <reporter-output>
          </reporter-output>
        </test-method> <!-- afterMethod -->
        <test-method is-config="true" signature="beforeMethod()[pri:0, instance:Testcases.TC4_OrangeHome_CheckLeftPane@1bb5a082]" started-at="2023-06-09T14:29:07 IST" name="beforeMethod" finished-at="2023-06-09T14:29:13 IST" duration-ms="6189" status="PASS">
          <reporter-output>
          </reporter-output>
        </test-method> <!-- beforeMethod -->
        <test-method signature="Questioncheck()[pri:1, instance:Testcases.TC4_OrangeHome_CheckLeftPane@1bb5a082]" started-at="2023-06-09T14:29:13 IST" name="Questioncheck" finished-at="2023-06-09T14:29:15 IST" duration-ms="1844" status="PASS">
          <reporter-output>
          </reporter-output>
        </test-method> <!-- Questioncheck -->
        <test-method is-config="true" signature="afterMethod()[pri:0, instance:Testcases.TC4_OrangeHome_CheckLeftPane@1bb5a082]" started-at="2023-06-09T14:29:15 IST" name="afterMethod" finished-at="2023-06-09T14:29:21 IST" duration-ms="6326" status="PASS">
          <reporter-output>
          </reporter-output>
        </test-method> <!-- afterMethod -->
        <test-method is-config="true" signature="beforeMethod()[pri:0, instance:Testcases.TC4_OrangeHome_CheckLeftPane@1bb5a082]" started-at="2023-06-09T14:29:21 IST" name="beforeMethod" finished-at="2023-06-09T14:29:29 IST" duration-ms="7322" status="PASS">
          <reporter-output>
          </reporter-output>
        </test-method> <!-- beforeMethod -->
        <test-method signature="Maintenancecheck()[pri:2, instance:Testcases.TC4_OrangeHome_CheckLeftPane@1bb5a082]" started-at="2023-06-09T14:29:29 IST" name="Maintenancecheck" finished-at="2023-06-09T14:29:32 IST" duration-ms="3109" status="PASS">
          <reporter-output>
          </reporter-output>
        </test-method> <!-- Maintenancecheck -->
        <test-method is-config="true" signature="afterMethod()[pri:0, instance:Testcases.TC4_OrangeHome_CheckLeftPane@1bb5a082]" started-at="2023-06-09T14:29:32 IST" name="afterMethod" finished-at="2023-06-09T14:29:38 IST" duration-ms="6316" status="PASS">
          <reporter-output>
          </reporter-output>
        </test-method> <!-- afterMethod -->
      </class> <!-- Testcases.TC4_OrangeHome_CheckLeftPane -->
    </test> <!-- Test4 -->
    <test started-at="2023-06-09T14:29:38 IST" name="Test5" finished-at="2023-06-09T14:29:50 IST" duration-ms="11392">
      <class name="Testcases.TC5_Login_Logout">
        <test-method is-config="true" signature="beforeMethod()[pri:0, instance:Testcases.TC5_Login_Logout@2d3379b4]" started-at="2023-06-09T14:29:38 IST" name="beforeMethod" finished-at="2023-06-09T14:29:45 IST" duration-ms="6327" status="PASS">
          <reporter-output>
          </reporter-output>
        </test-method> <!-- beforeMethod -->
        <test-method signature="Login_Logout()[pri:0, instance:Testcases.TC5_Login_Logout@2d3379b4]" started-at="2023-06-09T14:29:45 IST" name="Login_Logout" finished-at="2023-06-09T14:29:49 IST" duration-ms="4718" status="PASS">
          <reporter-output>
          </reporter-output>
        </test-method> <!-- Login_Logout -->
        <test-method is-config="true" signature="afterMethod()[pri:0, instance:Testcases.TC5_Login_Logout@2d3379b4]" started-at="2023-06-09T14:29:49 IST" name="afterMethod" finished-at="2023-06-09T14:29:50 IST" duration-ms="340" status="PASS">
          <reporter-output>
          </reporter-output>
        </test-method> <!-- afterMethod -->
      </class> <!-- Testcases.TC5_Login_Logout -->
    </test> <!-- Test5 -->
    <test started-at="2023-06-09T14:29:50 IST" name="Test6" finished-at="2023-06-09T14:30:22 IST" duration-ms="32286">
      <class name="Testcases.TC6_Check_Leavepage_options">
        <test-method is-config="true" signature="BeforeTest()[pri:0, instance:Testcases.TC6_Check_Leavepage_options@206a70ef]" started-at="2023-06-09T14:29:50 IST" name="BeforeTest" finished-at="2023-06-09T14:29:59 IST" duration-ms="9304" status="PASS">
          <reporter-output>
          </reporter-output>
        </test-method> <!-- BeforeTest -->
        <test-method signature="AssignLeaveCheck()[pri:0, instance:Testcases.TC6_Check_Leavepage_options@206a70ef]" started-at="2023-06-09T14:29:59 IST" name="AssignLeaveCheck" finished-at="2023-06-09T14:30:01 IST" duration-ms="1532" status="PASS">
          <reporter-output>
          </reporter-output>
        </test-method> <!-- AssignLeaveCheck -->
        <test-method signature="CheckApplyTabCheck()[pri:0, instance:Testcases.TC6_Check_Leavepage_options@206a70ef]" started-at="2023-06-09T14:30:01 IST" name="CheckApplyTabCheck" finished-at="2023-06-09T14:30:05 IST" duration-ms="4919" status="PASS">
          <reporter-output>
          </reporter-output>
        </test-method> <!-- CheckApplyTabCheck -->
        <test-method signature="ConfigureCheck()[pri:0, instance:Testcases.TC6_Check_Leavepage_options@206a70ef]" started-at="2023-06-09T14:30:05 IST" name="ConfigureCheck" finished-at="2023-06-09T14:30:06 IST" duration-ms="606" status="PASS">
          <reporter-output>
          </reporter-output>
        </test-method> <!-- ConfigureCheck -->
        <test-method signature="EntitlementsTabCheck()[pri:0, instance:Testcases.TC6_Check_Leavepage_options@206a70ef]" started-at="2023-06-09T14:30:06 IST" name="EntitlementsTabCheck" finished-at="2023-06-09T14:30:06 IST" duration-ms="98" status="PASS">
          <reporter-output>
          </reporter-output>
        </test-method> <!-- EntitlementsTabCheck -->
        <test-method signature="LeaveListCheck()[pri:0, instance:Testcases.TC6_Check_Leavepage_options@206a70ef]" started-at="2023-06-09T14:30:06 IST" name="LeaveListCheck" finished-at="2023-06-09T14:30:07 IST" duration-ms="561" status="PASS">
          <reporter-output>
          </reporter-output>
        </test-method> <!-- LeaveListCheck -->
        <test-method signature="MyLeaveTabCheck()[pri:0, instance:Testcases.TC6_Check_Leavepage_options@206a70ef]" started-at="2023-06-09T14:30:07 IST" name="MyLeaveTabCheck" finished-at="2023-06-09T14:30:08 IST" duration-ms="1112" status="PASS">
          <reporter-output>
          </reporter-output>
        </test-method> <!-- MyLeaveTabCheck -->
        <test-method signature="ReportTabCheck()[pri:0, instance:Testcases.TC6_Check_Leavepage_options@206a70ef]" started-at="2023-06-09T14:30:08 IST" name="ReportTabCheck" finished-at="2023-06-09T14:30:08 IST" duration-ms="611" status="PASS">
          <reporter-output>
          </reporter-output>
        </test-method> <!-- ReportTabCheck -->
        <test-method signature="ConfigureHolidaysCheck()[pri:0, instance:Testcases.TC6_Check_Leavepage_options@206a70ef]" started-at="2023-06-09T14:30:08 IST" name="ConfigureHolidaysCheck" finished-at="2023-06-09T14:30:09 IST" depends-on-methods="Testcases.TC6_Check_Leavepage_options.ConfigureCheck" duration-ms="938" status="PASS">
          <reporter-output>
          </reporter-output>
        </test-method> <!-- ConfigureHolidaysCheck -->
        <test-method signature="ConfigureLeavePeriodCheck()[pri:0, instance:Testcases.TC6_Check_Leavepage_options@206a70ef]" started-at="2023-06-09T14:30:09 IST" name="ConfigureLeavePeriodCheck" finished-at="2023-06-09T14:30:11 IST" depends-on-methods="Testcases.TC6_Check_Leavepage_options.ConfigureCheck" duration-ms="1720" status="PASS">
          <reporter-output>
          </reporter-output>
        </test-method> <!-- ConfigureLeavePeriodCheck -->
        <test-method signature="ConfigureLeaveTypesCheck()[pri:0, instance:Testcases.TC6_Check_Leavepage_options@206a70ef]" started-at="2023-06-09T14:30:11 IST" name="ConfigureLeaveTypesCheck" finished-at="2023-06-09T14:30:12 IST" depends-on-methods="Testcases.TC6_Check_Leavepage_options.ConfigureCheck" duration-ms="1227" status="PASS">
          <reporter-output>
          </reporter-output>
        </test-method> <!-- ConfigureLeaveTypesCheck -->
        <test-method signature="ConfigureWorkWeekCheck()[pri:0, instance:Testcases.TC6_Check_Leavepage_options@206a70ef]" started-at="2023-06-09T14:30:12 IST" name="ConfigureWorkWeekCheck" finished-at="2023-06-09T14:30:14 IST" depends-on-methods="Testcases.TC6_Check_Leavepage_options.ConfigureCheck" duration-ms="1817" status="PASS">
          <reporter-output>
          </reporter-output>
        </test-method> <!-- ConfigureWorkWeekCheck -->
        <test-method signature="AddEntitlementsTabCheck()[pri:0, instance:Testcases.TC6_Check_Leavepage_options@206a70ef]" started-at="2023-06-09T14:30:14 IST" name="AddEntitlementsTabCheck" finished-at="2023-06-09T14:30:16 IST" depends-on-methods="Testcases.TC6_Check_Leavepage_options.EntitlementsTabCheck" duration-ms="1610" status="PASS">
          <reporter-output>
          </reporter-output>
        </test-method> <!-- AddEntitlementsTabCheck -->
        <test-method signature="EmployementEntitlementsTabCheck()[pri:0, instance:Testcases.TC6_Check_Leavepage_options@206a70ef]" started-at="2023-06-09T14:30:16 IST" name="EmployementEntitlementsTabCheck" finished-at="2023-06-09T14:30:17 IST" depends-on-methods="Testcases.TC6_Check_Leavepage_options.EntitlementsTabCheck" duration-ms="1237" status="PASS">
          <reporter-output>
          </reporter-output>
        </test-method> <!-- EmployementEntitlementsTabCheck -->
        <test-method signature="MyEntitlementsTabCheck()[pri:0, instance:Testcases.TC6_Check_Leavepage_options@206a70ef]" started-at="2023-06-09T14:30:17 IST" name="MyEntitlementsTabCheck" finished-at="2023-06-09T14:30:19 IST" depends-on-methods="Testcases.TC6_Check_Leavepage_options.EntitlementsTabCheck" duration-ms="1754" status="PASS">
          <reporter-output>
          </reporter-output>
        </test-method> <!-- MyEntitlementsTabCheck -->
        <test-method signature="LeaveEntitlementsUsageReportCheck()[pri:0, instance:Testcases.TC6_Check_Leavepage_options@206a70ef]" started-at="2023-06-09T14:30:19 IST" name="LeaveEntitlementsUsageReportCheck" finished-at="2023-06-09T14:30:21 IST" depends-on-methods="Testcases.TC6_Check_Leavepage_options.ReportTabCheck" duration-ms="1738" status="PASS">
          <reporter-output>
          </reporter-output>
        </test-method> <!-- LeaveEntitlementsUsageReportCheck -->
        <test-method signature="MyLeaveEntitlementsUsageReportCheck()[pri:0, instance:Testcases.TC6_Check_Leavepage_options@206a70ef]" started-at="2023-06-09T14:30:21 IST" name="MyLeaveEntitlementsUsageReportCheck" finished-at="2023-06-09T14:30:22 IST" depends-on-methods="Testcases.TC6_Check_Leavepage_options.ReportTabCheck" duration-ms="1236" status="PASS">
          <reporter-output>
          </reporter-output>
        </test-method> <!-- MyLeaveEntitlementsUsageReportCheck -->
        <test-method is-config="true" signature="AFterTest()[pri:0, instance:Testcases.TC6_Check_Leavepage_options@206a70ef]" started-at="2023-06-09T14:30:22 IST" name="AFterTest" finished-at="2023-06-09T14:30:22 IST" duration-ms="208" status="PASS">
          <reporter-output>
          </reporter-output>
        </test-method> <!-- AFterTest -->
      </class> <!-- Testcases.TC6_Check_Leavepage_options -->
    </test> <!-- Test6 -->
  </suite> <!-- Suite -->
</testng-results>
