<?xml version="1.0" encoding="UTF-8"?>
<testng-results ignored="0" total="12" passed="12" failed="0" skipped="0">
  <reporter-output>
  </reporter-output>
  <suite started-at="2023-05-16T15:24:09 IST" name="Suite" finished-at="2023-05-16T15:25:55 IST" duration-ms="105604">
    <groups>
    </groups>
    <test started-at="2023-05-16T15:24:09 IST" name="TestSet1" finished-at="2023-05-16T15:25:55 IST" duration-ms="105604">
      <class name="Testcases.TC4_OrangeHome_CheckLeftPane">
        <test-method is-config="true" signature="beforeMethod()[pri:0, instance:Testcases.TC4_OrangeHome_CheckLeftPane@42e99e4a]" started-at="2023-05-16T15:24:09 IST" name="beforeMethod" finished-at="2023-05-16T15:24:18 IST" duration-ms="8739" status="PASS">
          <reporter-output>
          </reporter-output>
        </test-method> <!-- beforeMethod -->
        <test-method signature="Admincheck()[pri:0, instance:Testcases.TC4_OrangeHome_CheckLeftPane@42e99e4a]" started-at="2023-05-16T15:24:18 IST" name="Admincheck" finished-at="2023-05-16T15:24:20 IST" duration-ms="1896" status="PASS">
          <reporter-output>
          </reporter-output>
        </test-method> <!-- Admincheck -->
        <test-method is-config="true" signature="afterMethod()[pri:0, instance:Testcases.TC4_OrangeHome_CheckLeftPane@42e99e4a]" started-at="2023-05-16T15:24:20 IST" name="afterMethod" finished-at="2023-05-16T15:24:20 IST" duration-ms="331" status="PASS">
          <reporter-output>
          </reporter-output>
        </test-method> <!-- afterMethod -->
        <test-method is-config="true" signature="beforeMethod()[pri:0, instance:Testcases.TC4_OrangeHome_CheckLeftPane@42e99e4a]" started-at="2023-05-16T15:24:20 IST" name="beforeMethod" finished-at="2023-05-16T15:24:27 IST" duration-ms="6474" status="PASS">
          <reporter-output>
          </reporter-output>
        </test-method> <!-- beforeMethod -->
        <test-method signature="Dashboardcheck()[pri:0, instance:Testcases.TC4_OrangeHome_CheckLeftPane@42e99e4a]" started-at="2023-05-16T15:24:27 IST" name="Dashboardcheck" finished-at="2023-05-16T15:24:28 IST" duration-ms="1178" status="PASS">
          <reporter-output>
          </reporter-output>
        </test-method> <!-- Dashboardcheck -->
        <test-method is-config="true" signature="afterMethod()[pri:0, instance:Testcases.TC4_OrangeHome_CheckLeftPane@42e99e4a]" started-at="2023-05-16T15:24:28 IST" name="afterMethod" finished-at="2023-05-16T15:24:28 IST" duration-ms="273" status="PASS">
          <reporter-output>
          </reporter-output>
        </test-method> <!-- afterMethod -->
        <test-method is-config="true" signature="beforeMethod()[pri:0, instance:Testcases.TC4_OrangeHome_CheckLeftPane@42e99e4a]" started-at="2023-05-16T15:24:28 IST" name="beforeMethod" finished-at="2023-05-16T15:24:34 IST" duration-ms="5977" status="PASS">
          <reporter-output>
          </reporter-output>
        </test-method> <!-- beforeMethod -->
        <test-method signature="Directorycheck()[pri:0, instance:Testcases.TC4_OrangeHome_CheckLeftPane@42e99e4a]" started-at="2023-05-16T15:24:34 IST" name="Directorycheck" finished-at="2023-05-16T15:24:37 IST" duration-ms="2527" status="PASS">
          <reporter-output>
          </reporter-output>
        </test-method> <!-- Directorycheck -->
        <test-method is-config="true" signature="afterMethod()[pri:0, instance:Testcases.TC4_OrangeHome_CheckLeftPane@42e99e4a]" started-at="2023-05-16T15:24:37 IST" name="afterMethod" finished-at="2023-05-16T15:24:37 IST" duration-ms="257" status="PASS">
          <reporter-output>
          </reporter-output>
        </test-method> <!-- afterMethod -->
        <test-method is-config="true" signature="beforeMethod()[pri:0, instance:Testcases.TC4_OrangeHome_CheckLeftPane@42e99e4a]" started-at="2023-05-16T15:24:37 IST" name="beforeMethod" finished-at="2023-05-16T15:24:42 IST" duration-ms="5534" status="PASS">
          <reporter-output>
          </reporter-output>
        </test-method> <!-- beforeMethod -->
        <test-method signature="Leavecheck()[pri:0, instance:Testcases.TC4_OrangeHome_CheckLeftPane@42e99e4a]" started-at="2023-05-16T15:24:42 IST" name="Leavecheck" finished-at="2023-05-16T15:24:46 IST" duration-ms="3125" status="PASS">
          <reporter-output>
          </reporter-output>
        </test-method> <!-- Leavecheck -->
        <test-method is-config="true" signature="afterMethod()[pri:0, instance:Testcases.TC4_OrangeHome_CheckLeftPane@42e99e4a]" started-at="2023-05-16T15:24:46 IST" name="afterMethod" finished-at="2023-05-16T15:24:46 IST" duration-ms="277" status="PASS">
          <reporter-output>
          </reporter-output>
        </test-method> <!-- afterMethod -->
        <test-method is-config="true" signature="beforeMethod()[pri:0, instance:Testcases.TC4_OrangeHome_CheckLeftPane@42e99e4a]" started-at="2023-05-16T15:24:46 IST" name="beforeMethod" finished-at="2023-05-16T15:24:52 IST" duration-ms="5696" status="PASS">
          <reporter-output>
          </reporter-output>
        </test-method> <!-- beforeMethod -->
        <test-method signature="Maintenancecheck()[pri:0, instance:Testcases.TC4_OrangeHome_CheckLeftPane@42e99e4a]" started-at="2023-05-16T15:24:52 IST" name="Maintenancecheck" finished-at="2023-05-16T15:24:55 IST" duration-ms="3000" status="PASS">
          <reporter-output>
          </reporter-output>
        </test-method> <!-- Maintenancecheck -->
        <test-method is-config="true" signature="afterMethod()[pri:0, instance:Testcases.TC4_OrangeHome_CheckLeftPane@42e99e4a]" started-at="2023-05-16T15:24:55 IST" name="afterMethod" finished-at="2023-05-16T15:24:55 IST" duration-ms="243" status="PASS">
          <reporter-output>
          </reporter-output>
        </test-method> <!-- afterMethod -->
        <test-method is-config="true" signature="beforeMethod()[pri:0, instance:Testcases.TC4_OrangeHome_CheckLeftPane@42e99e4a]" started-at="2023-05-16T15:24:55 IST" name="beforeMethod" finished-at="2023-05-16T15:25:02 IST" duration-ms="6911" status="PASS">
          <reporter-output>
          </reporter-output>
        </test-method> <!-- beforeMethod -->
        <test-method signature="MyInfocheck()[pri:0, instance:Testcases.TC4_OrangeHome_CheckLeftPane@42e99e4a]" started-at="2023-05-16T15:25:02 IST" name="MyInfocheck" finished-at="2023-05-16T15:25:04 IST" duration-ms="1975" status="PASS">
          <reporter-output>
          </reporter-output>
        </test-method> <!-- MyInfocheck -->
        <test-method is-config="true" signature="afterMethod()[pri:0, instance:Testcases.TC4_OrangeHome_CheckLeftPane@42e99e4a]" started-at="2023-05-16T15:25:04 IST" name="afterMethod" finished-at="2023-05-16T15:25:04 IST" duration-ms="292" status="PASS">
          <reporter-output>
          </reporter-output>
        </test-method> <!-- afterMethod -->
        <test-method is-config="true" signature="beforeMethod()[pri:0, instance:Testcases.TC4_OrangeHome_CheckLeftPane@42e99e4a]" started-at="2023-05-16T15:25:04 IST" name="beforeMethod" finished-at="2023-05-16T15:25:10 IST" duration-ms="5768" status="PASS">
          <reporter-output>
          </reporter-output>
        </test-method> <!-- beforeMethod -->
        <test-method signature="PIMcheck()[pri:0, instance:Testcases.TC4_OrangeHome_CheckLeftPane@42e99e4a]" started-at="2023-05-16T15:25:10 IST" name="PIMcheck" finished-at="2023-05-16T15:25:13 IST" duration-ms="3140" status="PASS">
          <reporter-output>
          </reporter-output>
        </test-method> <!-- PIMcheck -->
        <test-method is-config="true" signature="afterMethod()[pri:0, instance:Testcases.TC4_OrangeHome_CheckLeftPane@42e99e4a]" started-at="2023-05-16T15:25:13 IST" name="afterMethod" finished-at="2023-05-16T15:25:13 IST" duration-ms="251" status="PASS">
          <reporter-output>
          </reporter-output>
        </test-method> <!-- afterMethod -->
        <test-method is-config="true" signature="beforeMethod()[pri:0, instance:Testcases.TC4_OrangeHome_CheckLeftPane@42e99e4a]" started-at="2023-05-16T15:25:13 IST" name="beforeMethod" finished-at="2023-05-16T15:25:19 IST" duration-ms="5473" status="PASS">
          <reporter-output>
          </reporter-output>
        </test-method> <!-- beforeMethod -->
        <test-method signature="Performancecheck()[pri:0, instance:Testcases.TC4_OrangeHome_CheckLeftPane@42e99e4a]" started-at="2023-05-16T15:25:19 IST" name="Performancecheck" finished-at="2023-05-16T15:25:21 IST" duration-ms="2863" status="PASS">
          <reporter-output>
          </reporter-output>
        </test-method> <!-- Performancecheck -->
        <test-method is-config="true" signature="afterMethod()[pri:0, instance:Testcases.TC4_OrangeHome_CheckLeftPane@42e99e4a]" started-at="2023-05-16T15:25:21 IST" name="afterMethod" finished-at="2023-05-16T15:25:22 IST" duration-ms="332" status="PASS">
          <reporter-output>
          </reporter-output>
        </test-method> <!-- afterMethod -->
        <test-method is-config="true" signature="beforeMethod()[pri:0, instance:Testcases.TC4_OrangeHome_CheckLeftPane@42e99e4a]" started-at="2023-05-16T15:25:22 IST" name="beforeMethod" finished-at="2023-05-16T15:25:27 IST" duration-ms="5483" status="PASS">
          <reporter-output>
          </reporter-output>
        </test-method> <!-- beforeMethod -->
        <test-method signature="Questioncheck()[pri:0, instance:Testcases.TC4_OrangeHome_CheckLeftPane@42e99e4a]" started-at="2023-05-16T15:25:27 IST" name="Questioncheck" finished-at="2023-05-16T15:25:29 IST" duration-ms="1876" status="PASS">
          <reporter-output>
          </reporter-output>
        </test-method> <!-- Questioncheck -->
        <test-method is-config="true" signature="afterMethod()[pri:0, instance:Testcases.TC4_OrangeHome_CheckLeftPane@42e99e4a]" started-at="2023-05-16T15:25:29 IST" name="afterMethod" finished-at="2023-05-16T15:25:29 IST" duration-ms="298" status="PASS">
          <reporter-output>
          </reporter-output>
        </test-method> <!-- afterMethod -->
        <test-method is-config="true" signature="beforeMethod()[pri:0, instance:Testcases.TC4_OrangeHome_CheckLeftPane@42e99e4a]" started-at="2023-05-16T15:25:29 IST" name="beforeMethod" finished-at="2023-05-16T15:25:35 IST" duration-ms="5557" status="PASS">
          <reporter-output>
          </reporter-output>
        </test-method> <!-- beforeMethod -->
        <test-method signature="Recruitmentcheck()[pri:0, instance:Testcases.TC4_OrangeHome_CheckLeftPane@42e99e4a]" started-at="2023-05-16T15:25:35 IST" name="Recruitmentcheck" finished-at="2023-05-16T15:25:38 IST" duration-ms="3103" status="PASS">
          <reporter-output>
          </reporter-output>
        </test-method> <!-- Recruitmentcheck -->
        <test-method is-config="true" signature="afterMethod()[pri:0, instance:Testcases.TC4_OrangeHome_CheckLeftPane@42e99e4a]" started-at="2023-05-16T15:25:38 IST" name="afterMethod" finished-at="2023-05-16T15:25:38 IST" duration-ms="292" status="PASS">
          <reporter-output>
          </reporter-output>
        </test-method> <!-- afterMethod -->
        <test-method is-config="true" signature="beforeMethod()[pri:0, instance:Testcases.TC4_OrangeHome_CheckLeftPane@42e99e4a]" started-at="2023-05-16T15:25:38 IST" name="beforeMethod" finished-at="2023-05-16T15:25:45 IST" duration-ms="6636" status="PASS">
          <reporter-output>
          </reporter-output>
        </test-method> <!-- beforeMethod -->
        <test-method signature="Searchcheck()[pri:0, instance:Testcases.TC4_OrangeHome_CheckLeftPane@42e99e4a]" started-at="2023-05-16T15:25:45 IST" name="Searchcheck" finished-at="2023-05-16T15:25:46 IST" duration-ms="677" status="PASS">
          <reporter-output>
          </reporter-output>
        </test-method> <!-- Searchcheck -->
        <test-method is-config="true" signature="afterMethod()[pri:0, instance:Testcases.TC4_OrangeHome_CheckLeftPane@42e99e4a]" started-at="2023-05-16T15:25:46 IST" name="afterMethod" finished-at="2023-05-16T15:25:46 IST" duration-ms="251" status="PASS">
          <reporter-output>
          </reporter-output>
        </test-method> <!-- afterMethod -->
        <test-method is-config="true" signature="beforeMethod()[pri:0, instance:Testcases.TC4_OrangeHome_CheckLeftPane@42e99e4a]" started-at="2023-05-16T15:25:46 IST" name="beforeMethod" finished-at="2023-05-16T15:25:51 IST" duration-ms="5309" status="PASS">
          <reporter-output>
          </reporter-output>
        </test-method> <!-- beforeMethod -->
        <test-method signature="Timecheck()[pri:0, instance:Testcases.TC4_OrangeHome_CheckLeftPane@42e99e4a]" started-at="2023-05-16T15:25:51 IST" name="Timecheck" finished-at="2023-05-16T15:25:55 IST" duration-ms="3209" status="PASS">
          <reporter-output>
          </reporter-output>
        </test-method> <!-- Timecheck -->
        <test-method is-config="true" signature="afterMethod()[pri:0, instance:Testcases.TC4_OrangeHome_CheckLeftPane@42e99e4a]" started-at="2023-05-16T15:25:55 IST" name="afterMethod" finished-at="2023-05-16T15:25:55 IST" duration-ms="246" status="PASS">
          <reporter-output>
          </reporter-output>
        </test-method> <!-- afterMethod -->
      </class> <!-- Testcases.TC4_OrangeHome_CheckLeftPane -->
    </test> <!-- TestSet1 -->
  </suite> <!-- Suite -->
</testng-results>
